[2013-08-27 00:26:42] START
[2013-08-27 00:35:13] EDIT LegoNews/models/db.py: 15
[2013-08-27 00:43:14] EDIT LegoNews/models/db.py: 0
[2013-08-27 13:51:39] EDIT LegoNews/models/db.py: 0
[2013-08-27 13:55:08] EDIT LegoNews/models/db.py: 0
[2013-08-27 13:57:41] EDIT LegoNews/controllers/default.py: 2
[2013-08-27 14:00:02] EDIT LegoNews/controllers/default.py: 0
[2013-08-27 14:00:23] EDIT LegoNews/controllers/default.py: 0
[2013-08-27 14:00:26] EDIT LegoNews/controllers/default.py: 0
[2013-08-27 14:01:16] EDIT LegoNews/models/db.py: 0
[2013-08-27 14:01:44] EDIT LegoNews/models/db.py: 0
[2013-08-27 14:01:46] EDIT LegoNews/models/db.py: 0
[2013-08-27 14:02:17] EDIT LegoNews/models/db.py: 0
[2013-08-27 14:06:24] EDIT LegoNews/models/db.py: 1
[2013-08-27 14:06:57] EDIT LegoNews/models/db.py: 0
[2013-08-27 14:09:25] EDIT LegoNews/models/db.py: 0
[2013-08-27 14:09:29] EDIT LegoNews/models/db.py: 0
[2013-08-27 14:11:38] EDIT LegoNews/models/db.py: 0
[2013-08-27 14:15:02] EDIT LegoNews/controllers/default.py: 7
[2013-08-27 14:16:30] CREATE default/newpost.html: 0
[2013-08-27 14:16:35] EDIT LegoNews/views/default/newpost.html: 0
[2013-08-27 14:19:04] EDIT LegoNews/controllers/default.py: 1
[2013-08-27 14:21:00] EDIT LegoNews/controllers/default.py: 2
[2013-08-27 14:21:05] EDIT LegoNews/controllers/default.py: 0
[2013-08-27 14:22:02] EDIT LegoNews/controllers/default.py: 0
[2013-08-27 14:22:29] EDIT LegoNews/models/db.py: 0
[2013-08-27 14:22:33] EDIT LegoNews/controllers/default.py: 0
[2013-08-27 14:22:36] EDIT LegoNews/models/db.py: 0
[2013-08-27 14:30:44] EDIT LegoNews/controllers/default.py: -1
[2013-08-27 14:34:54] EDIT LegoNews/models/db.py: 0
[2013-08-27 14:38:34] EDIT LegoNews/views/default/index.html: 3
[2013-08-27 14:39:26] EDIT LegoNews/controllers/default.py: -1
[2013-08-27 14:39:35] EDIT LegoNews/controllers/default.py: 0
[2013-08-27 14:39:55] EDIT LegoNews/views/default/index.html: -3
[2013-08-27 14:40:14] EDIT LegoNews/views/default/index.html: 3
[2013-08-27 14:40:28] EDIT LegoNews/controllers/default.py: 0
[2013-08-27 14:43:48] EDIT LegoNews/views/default/index.html: 0
[2013-08-27 14:44:17] EDIT LegoNews/controllers/default.py: 1
[2013-08-27 14:44:46] EDIT LegoNews/views/default/index.html: 0
[2013-08-27 14:45:13] EDIT LegoNews/views/default/index.html: -2
[2013-08-27 14:45:22] EDIT LegoNews/views/default/index.html: -3
[2013-08-27 14:46:00] EDIT LegoNews/views/default/index.html: -28
[2013-08-27 14:47:56] EDIT LegoNews/controllers/default.py: 0
[2013-08-27 14:57:24] EDIT LegoNews/controllers/default.py: 0
[2013-08-27 14:57:27] EDIT LegoNews/controllers/default.py: 0
[2013-08-27 14:57:31] EDIT LegoNews/controllers/default.py: 0
[2013-08-27 15:04:04] EDIT LegoNews/controllers/default.py: -1
[2013-08-27 15:04:27] EDIT LegoNews/controllers/default.py: 0
[2013-08-27 15:05:15] EDIT LegoNews/views/default/index.html: -27
[2013-08-27 15:05:58] EDIT LegoNews/controllers/default.py: 0
[2013-08-27 15:06:18] EDIT LegoNews/views/default/index.html: 0
[2013-08-27 15:08:56] EDIT LegoNews/views/default/index.html: -2
[2013-08-27 15:08:56] EDIT LegoNews/views/default/index.html: 0
[2013-08-27 15:09:09] EDIT LegoNews/views/default/index.html: 2
[2013-08-27 15:09:16] EDIT LegoNews/controllers/default.py: 0
[2013-08-27 15:09:53] EDIT LegoNews/controllers/default.py: 1
[2013-08-27 15:10:12] EDIT LegoNews/controllers/default.py: -1
[2013-08-27 15:10:16] EDIT LegoNews/controllers/default.py: 0
[2013-08-27 15:11:38] EDIT LegoNews/views/default/index.html: 1
[2013-08-27 15:11:39] EDIT LegoNews/views/default/index.html: 0
[2013-08-27 15:11:44] EDIT LegoNews/views/default/index.html: 0
[2013-08-27 15:14:33] EDIT LegoNews/views/default/index.html: 0
[2013-08-27 15:15:05] EDIT LegoNews/views/default/index.html: 0
[2013-08-27 15:15:10] EDIT LegoNews/views/default/index.html: 0
[2013-08-27 15:15:12] EDIT LegoNews/views/default/index.html: 0
[2013-08-27 15:15:38] EDIT LegoNews/views/default/index.html: 0
[2013-08-27 15:17:51] EDIT LegoNews/views/default/index.html: 0
[2013-08-27 15:18:21] EDIT LegoNews/views/default/index.html: 0
[2013-08-27 15:18:33] EDIT LegoNews/views/default/index.html: 0
[2013-08-27 15:19:54] EDIT LegoNews/views/default/index.html: 1
[2013-08-27 15:34:08] EDIT LegoNews/views/default/index.html: -1
[2013-08-27 15:34:45] EDIT LegoNews/controllers/default.py: 0
[2013-08-27 15:34:59] EDIT LegoNews/views/default/index.html: 0
[2013-08-27 15:35:19] EDIT LegoNews/views/default/index.html: 1
[2013-08-27 15:36:58] EDIT LegoNews/views/default/index.html: 1
[2013-08-27 15:37:09] EDIT LegoNews/views/default/index.html: -1
[2013-08-27 15:39:56] EDIT LegoNews/views/default/index.html: 0
[2013-08-27 15:40:05] EDIT LegoNews/views/default/index.html: 0
[2013-08-27 15:40:38] EDIT LegoNews/views/default/index.html: 0
[2013-08-27 15:41:16] EDIT LegoNews/views/default/index.html: 0
[2013-08-27 15:41:54] EDIT LegoNews/views/default/index.html: 2
[2013-08-27 15:43:38] EDIT LegoNews/views/default/index.html: 0
[2013-08-27 15:43:50] EDIT LegoNews/views/default/index.html: 0
[2013-08-27 15:43:54] EDIT LegoNews/views/default/index.html: 0
[2013-08-27 15:49:27] EDIT LegoNews/views/default/index.html: 0
[2013-08-27 15:49:32] EDIT LegoNews/views/default/index.html: 0
[2013-08-27 15:49:42] EDIT LegoNews/views/default/index.html: 0
[2013-08-27 15:54:06] EDIT LegoNews/controllers/default.py: 0
[2013-08-27 16:03:56] EDIT LegoNews/models/db.py: 2
[2013-08-27 16:04:52] EDIT LegoNews/controllers/default.py: 0
[2013-08-27 16:05:00] EDIT LegoNews/controllers/default.py: 0
[2013-08-27 16:05:01] EDIT LegoNews/controllers/default.py: 0
[2013-08-27 16:05:01] EDIT LegoNews/controllers/default.py: 0
[2013-08-27 16:05:38] EDIT LegoNews/models/db.py: 2
[2013-08-27 16:05:39] EDIT LegoNews/models/db.py: 0
[2013-08-27 16:09:47] EDIT LegoNews/controllers/default.py: 0
[2013-08-27 16:13:49] EDIT LegoNews/models/db.py: 0
[2013-08-27 16:17:09] EDIT LegoNews/models/db.py: 0
[2013-08-27 16:17:15] EDIT LegoNews/models/db.py: 0
[2013-08-27 16:17:51] EDIT LegoNews/models/db.py: 0
[2013-08-27 16:19:15] EDIT LegoNews/models/db.py: 0
[2013-08-27 16:19:22] EDIT LegoNews/models/db.py: 0
[2013-08-27 16:19:58] EDIT LegoNews/models/db.py: 0
[2013-08-27 16:21:14] EDIT LegoNews/models/db.py: 0
[2013-08-27 16:22:05] EDIT LegoNews/models/db.py: 0
[2013-08-27 16:23:09] EDIT LegoNews/models/db.py: 0
[2013-08-27 16:23:28] EDIT LegoNews/models/db.py: 0
[2013-08-27 16:24:17] EDIT LegoNews/models/db.py: 0
[2013-08-27 16:24:18] EDIT LegoNews/models/db.py: 0
[2013-08-27 16:24:18] EDIT LegoNews/models/db.py: 0
[2013-08-27 16:26:29] EDIT LegoNews/controllers/default.py: 0
[2013-08-27 16:27:12] EDIT LegoNews/views/default/index.html: 0
[2013-08-27 16:30:14] EDIT LegoNews/controllers/default.py: 0
[2013-08-27 16:30:26] EDIT LegoNews/controllers/default.py: 0
[2013-08-27 16:30:57] EDIT LegoNews/controllers/default.py: 0
[2013-08-27 16:32:08] EDIT LegoNews/controllers/default.py: 0
[2013-08-27 16:52:46] EDIT LegoNews/controllers/default.py: 5
[2013-08-27 16:53:45] EDIT LegoNews/views/default/index.html: 1
[2013-08-27 16:54:37] EDIT LegoNews/views/default/index.html: 0
[2013-08-27 16:54:53] EDIT LegoNews/views/default/index.html: 0
[2013-08-27 17:01:06] EDIT LegoNews/views/default/index.html: 1
[2013-08-27 17:01:06] EDIT LegoNews/views/default/index.html: 0
[2013-08-27 17:01:43] EDIT LegoNews/views/default/index.html: 0
[2013-08-27 17:05:23] EDIT LegoNews/controllers/default.py: 0
[2013-08-27 17:05:24] EDIT LegoNews/controllers/default.py: 0
[2013-08-27 17:06:00] EDIT LegoNews/controllers/default.py: 0
[2013-08-27 17:06:00] EDIT LegoNews/controllers/default.py: 0
[2013-08-27 17:08:40] EDIT LegoNews/controllers/default.py: 0
[2013-08-27 17:08:40] EDIT LegoNews/controllers/default.py: 0
[2013-08-27 17:08:40] EDIT LegoNews/controllers/default.py: 0
[2013-08-27 17:11:26] EDIT LegoNews/views/default/index.html: 1
[2013-08-27 17:11:26] EDIT LegoNews/views/default/index.html: 0
[2013-08-27 17:12:30] EDIT LegoNews/views/default/index.html: 0
[2013-08-27 17:12:30] EDIT LegoNews/views/default/index.html: 0
[2013-08-27 17:12:33] EDIT LegoNews/views/default/index.html: 0
[2013-08-27 17:13:21] EDIT LegoNews/models/db.py: -5
[2013-08-27 20:38:08] EDIT LegoNews/views/default/index.html: 0
[2013-08-27 20:45:54] EDIT LegoNews/controllers/default.py: 0
[2013-08-27 20:45:56] EDIT LegoNews/controllers/default.py: 0
[2013-08-27 20:48:02] EDIT LegoNews/views/default/index.html: 0
[2013-08-27 20:48:03] EDIT LegoNews/views/default/index.html: 0
[2013-08-27 20:50:21] EDIT LegoNews/controllers/default.py: 0
[2013-08-27 20:58:02] EDIT LegoNews/views/default/index.html: 0
[2013-08-27 22:13:04] EDIT LegoNews/controllers/default.py: -5
[2013-08-27 22:13:43] EDIT LegoNews/controllers/default.py: 1
[2013-08-27 22:14:14] EDIT LegoNews/controllers/default.py: 0
[2013-08-27 22:14:16] EDIT LegoNews/controllers/default.py: 0
[2013-08-27 22:15:12] EDIT LegoNews/controllers/default.py: 0
[2013-08-27 22:18:32] EDIT LegoNews/views/default/index.html: 3
[2013-08-27 22:18:51] EDIT LegoNews/views/default/index.html: 2
[2013-08-27 22:18:51] EDIT LegoNews/views/default/index.html: 0
[2013-08-27 22:19:09] EDIT LegoNews/views/default/index.html: -1
[2013-08-27 22:19:58] EDIT LegoNews/views/default/index.html: 1
[2013-08-27 22:20:42] EDIT LegoNews/views/default/index.html: 0
[2013-08-27 22:22:38] EDIT LegoNews/views/default/index.html: 0
[2013-08-27 22:23:31] EDIT LegoNews/views/default/index.html: 0
[2013-08-27 22:24:59] EDIT LegoNews/views/default/index.html: 1
[2013-08-27 22:25:08] EDIT LegoNews/views/default/index.html: -1
[2013-08-27 22:25:40] EDIT LegoNews/views/default/index.html: 1
[2013-08-27 22:26:32] EDIT LegoNews/views/default/index.html: 0
[2013-08-27 22:28:33] EDIT LegoNews/views/default/index.html: 1
[2013-08-27 22:28:43] EDIT LegoNews/views/default/index.html: 0
[2013-08-27 22:29:03] EDIT LegoNews/views/default/index.html: 0
[2013-08-27 22:33:29] EDIT LegoNews/views/default/index.html: 0
[2013-08-27 22:33:55] EDIT LegoNews/views/default/index.html: 0
[2013-08-27 22:34:07] EDIT LegoNews/views/default/index.html: -1
[2013-08-27 22:34:23] EDIT LegoNews/views/default/index.html: -1
[2013-08-27 22:34:30] EDIT LegoNews/views/default/index.html: 0
[2013-08-27 22:59:49] EDIT LegoNews/models/db.py: 0
[2013-08-27 23:02:38] EDIT LegoNews/models/db.py: 0
[2013-08-27 23:02:46] EDIT LegoNews/models/db.py: 0
[2013-08-27 23:03:44] EDIT LegoNews/models/db.py: 0
[2013-08-27 23:22:38] EDIT LegoNews/controllers/default.py: 10
[2013-08-27 23:23:02] EDIT LegoNews/controllers/default.py: 0
[2013-08-27 23:23:06] EDIT LegoNews/controllers/default.py: 0
[2013-08-27 23:23:07] EDIT LegoNews/controllers/default.py: 0
[2013-08-27 23:23:07] EDIT LegoNews/controllers/default.py: 0
[2013-08-27 23:23:07] EDIT LegoNews/controllers/default.py: 0
[2013-08-27 23:24:48] EDIT LegoNews/controllers/default.py: 0
[2013-08-27 23:28:02] EDIT LegoNews/controllers/default.py: -1
[2013-08-27 23:28:09] EDIT LegoNews/views/default/index.html: 1
[2013-08-27 23:30:20] EDIT LegoNews/controllers/default.py: 0
[2013-08-27 23:30:23] EDIT LegoNews/controllers/default.py: 0
[2013-08-27 23:32:49] EDIT LegoNews/controllers/default.py: 0
[2013-08-27 23:32:53] EDIT LegoNews/controllers/default.py: 0
[2013-08-27 23:33:34] EDIT LegoNews/controllers/default.py: 0
[2013-08-27 23:35:51] EDIT LegoNews/controllers/default.py: 0
[2013-08-27 23:36:06] EDIT LegoNews/controllers/default.py: 0
[2013-08-27 23:37:01] EDIT LegoNews/views/default/index.html: -1
[2013-08-27 23:37:33] EDIT LegoNews/views/default/index.html: 1
[2013-08-27 23:38:22] EDIT LegoNews/views/default/index.html: 1
[2013-08-27 23:38:39] EDIT LegoNews/views/default/index.html: 0
[2013-08-27 23:39:06] EDIT LegoNews/views/default/index.html: 0
[2013-08-27 23:39:06] EDIT LegoNews/views/default/index.html: 0
[2013-08-27 23:39:06] EDIT LegoNews/views/default/index.html: 0
[2013-08-27 23:39:12] EDIT LegoNews/views/default/index.html: -1
[2013-08-27 23:39:39] EDIT LegoNews/views/default/index.html: 1
[2013-08-27 23:39:58] EDIT LegoNews/views/default/index.html: 0
[2013-08-27 23:40:24] EDIT LegoNews/views/default/index.html: 0
[2013-08-27 23:40:47] EDIT LegoNews/views/default/index.html: 0
[2013-08-27 23:41:29] EDIT LegoNews/views/default/index.html: 0
[2013-08-27 23:42:52] EDIT LegoNews/controllers/default.py: 2
[2013-08-27 23:45:30] EDIT LegoNews/controllers/default.py: -1
[2013-08-27 23:48:40] EDIT LegoNews/controllers/default.py: 0
[2013-08-28 00:00:06] EDIT LegoNews/controllers/default.py: 0
[2013-08-28 00:03:02] EDIT LegoNews/controllers/default.py: 1
[2013-08-28 00:03:03] EDIT LegoNews/controllers/default.py: 0
[2013-08-28 00:03:22] EDIT LegoNews/controllers/default.py: 0
[2013-08-28 00:03:25] EDIT LegoNews/controllers/default.py: 0
[2013-08-28 00:06:46] EDIT LegoNews/models/db.py: 1
[2013-08-28 00:07:44] EDIT LegoNews/models/db.py: 2
[2013-08-28 00:07:47] EDIT LegoNews/models/db.py: 0
[2013-08-28 00:08:12] EDIT LegoNews/models/db.py: 0
[2013-08-28 00:11:18] EDIT LegoNews/views/default/index.html: 0
[2013-08-28 00:11:39] EDIT LegoNews/views/default/index.html: 0
[2013-08-28 00:11:49] EDIT LegoNews/views/default/index.html: 0
[2013-08-28 00:12:09] EDIT LegoNews/views/default/index.html: 0
[2013-08-28 00:17:01] EDIT LegoNews/controllers/default.py: 3
[2013-08-28 00:21:48] EDIT LegoNews/controllers/default.py: 1
[2013-08-28 00:21:49] EDIT LegoNews/controllers/default.py: 0
[2013-08-28 03:20:03] EDIT LegoNews/controllers/default.py: 4
[2013-08-28 03:20:03] EDIT LegoNews/controllers/default.py: 0
[2013-08-28 03:21:08] EDIT LegoNews/views/default/index.html: -1
[2013-08-28 03:22:02] EDIT LegoNews/controllers/default.py: 0
[2013-08-28 03:22:13] EDIT LegoNews/controllers/default.py: 0
[2013-08-28 03:22:13] EDIT LegoNews/controllers/default.py: 0
[2013-08-28 03:22:38] EDIT LegoNews/controllers/default.py: 0
[2013-08-28 03:24:38] EDIT LegoNews/views/default/index.html: 0
[2013-08-28 03:25:14] EDIT LegoNews/views/default/index.html: 0
[2013-08-28 03:25:42] EDIT LegoNews/controllers/default.py: 0
[2013-08-28 03:25:43] EDIT LegoNews/controllers/default.py: 0
[2013-08-28 03:25:43] EDIT LegoNews/controllers/default.py: 0
[2013-08-28 03:31:04] EDIT LegoNews/controllers/default.py: 2
[2013-08-28 03:36:58] EDIT LegoNews/controllers/default.py: -1
[2013-08-28 03:37:38] EDIT LegoNews/controllers/default.py: 1
[2013-08-28 03:37:56] EDIT LegoNews/views/default/index.html: 1
[2013-08-28 03:38:27] EDIT LegoNews/controllers/default.py: 2
[2013-08-28 03:42:06] EDIT LegoNews/controllers/default.py: -2
[2013-08-28 08:52:29] EDIT LegoNews/models/db.py: 0
[2013-08-28 08:55:15] EDIT LegoNews/controllers/default.py: 1
[2013-08-28 08:56:17] EDIT LegoNews/models/db.py: 0
[2013-08-28 08:58:00] EDIT LegoNews/models/db.py: -2
[2013-08-28 08:59:05] EDIT LegoNews/models/db.py: 2
[2013-08-28 08:59:50] EDIT LegoNews/models/db.py: 0
[2013-08-28 09:01:15] EDIT LegoNews/controllers/default.py: 1
[2013-08-28 09:01:15] EDIT LegoNews/controllers/default.py: 0
[2013-08-28 09:01:22] EDIT LegoNews/controllers/default.py: 0
[2013-08-28 09:01:55] EDIT LegoNews/models/db.py: -2
[2013-08-28 09:02:55] EDIT LegoNews/controllers/default.py: -1
[2013-08-28 09:04:38] EDIT LegoNews/controllers/default.py: 1
[2013-08-28 09:15:14] EDIT LegoNews/models/db.py: 1
[2013-08-28 09:15:19] EDIT LegoNews/models/db.py: -1
[2013-08-28 09:15:30] EDIT LegoNews/models/db.py: 0
[2013-08-28 09:16:33] EDIT LegoNews/models/db.py: 1
[2013-08-28 11:17:13] EDIT LegoNews/models/db.py: 2
[2013-08-28 11:20:49] EDIT LegoNews/controllers/default.py: 3
[2013-08-28 11:21:07] EDIT LegoNews/models/db.py: 0
[2013-08-28 11:21:20] EDIT LegoNews/controllers/default.py: 0
[2013-08-28 11:21:57] EDIT LegoNews/controllers/default.py: 2
[2013-08-28 11:22:05] EDIT LegoNews/controllers/default.py: 0
[2013-08-28 11:23:01] EDIT LegoNews/controllers/default.py: 3
[2013-08-28 11:23:14] EDIT LegoNews/controllers/default.py: 0
[2013-08-28 11:24:00] EDIT LegoNews/controllers/default.py: 0
[2013-08-28 11:24:07] EDIT LegoNews/controllers/default.py: 0
[2013-08-28 11:24:07] EDIT LegoNews/controllers/default.py: 0
[2013-08-28 11:26:49] EDIT LegoNews/controllers/default.py: 0
[2013-08-28 11:27:00] EDIT LegoNews/controllers/default.py: 0
[2013-08-28 11:27:00] EDIT LegoNews/controllers/default.py: 0
[2013-08-28 11:27:00] EDIT LegoNews/controllers/default.py: 0
[2013-08-28 11:27:08] EDIT LegoNews/controllers/default.py: 0
[2013-08-28 11:27:35] EDIT LegoNews/controllers/default.py: 0
[2013-08-28 11:27:35] EDIT LegoNews/controllers/default.py: 0
[2013-08-29 16:48:12] EDIT LegoNews/controllers/default.py: 1
[2013-08-29 16:48:17] EDIT LegoNews/controllers/default.py: 0
[2013-08-29 16:48:35] EDIT LegoNews/controllers/default.py: 0
[2013-08-29 16:48:38] EDIT LegoNews/controllers/default.py: 0
[2013-08-29 17:14:56] EDIT LegoNews/views/default/index.html: 1
[2013-08-29 17:15:13] EDIT LegoNews/views/default/index.html: 0
[2013-08-29 17:15:30] EDIT LegoNews/views/default/index.html: 0
[2013-08-29 17:15:51] EDIT LegoNews/views/default/index.html: -1
[2013-08-29 17:15:53] EDIT LegoNews/views/default/index.html: 0
[2013-08-29 18:56:43] EDIT LegoNews/controllers/default.py: 4
[2013-08-29 18:58:39] EDIT LegoNews/views/default/index.html: 0
[2013-08-29 18:59:03] CREATE default/home.html: 0
[2013-08-29 19:00:13] DELETE LegoNews/views/default/home.html: -3
[2013-08-29 19:01:08] EDIT LegoNews/controllers/default.py: -3
[2013-08-29 19:01:54] EDIT LegoNews/views/default/index.html: 2
[2013-08-29 19:02:06] EDIT LegoNews/views/default/index.html: 1
[2013-08-29 19:02:31] EDIT LegoNews/views/default/index.html: 0
[2013-08-29 19:04:40] EDIT LegoNews/views/default/index.html: 0
[2013-08-30 05:15:16] EDIT LegoNews/controllers/default.py: 0
[2013-08-30 05:41:47] CREATE default/home.html: 0
[2013-08-30 05:44:31] EDIT LegoNews/controllers/default.py: 6
[2013-08-30 05:44:38] EDIT LegoNews/controllers/default.py: 0
[2013-08-30 05:44:38] EDIT LegoNews/controllers/default.py: 0
[2013-08-30 05:44:51] EDIT LegoNews/controllers/default.py: 0
[2013-08-30 05:45:07] EDIT LegoNews/views/default/home.html: 19
[2013-08-30 05:45:38] EDIT LegoNews/views/default/home.html: 0
[2013-08-30 05:46:59] EDIT LegoNews/views/default/home.html: 1
[2013-08-30 05:47:04] EDIT LegoNews/views/default/home.html: 0
[2013-08-30 05:47:30] EDIT LegoNews/views/default/index.html: 1
[2013-08-30 05:47:57] EDIT LegoNews/views/default/index.html: 0
[2013-08-30 05:48:02] EDIT LegoNews/views/default/index.html: 0
[2013-08-30 05:48:58] EDIT LegoNews/views/default/index.html: 0
[2013-08-30 05:49:09] EDIT LegoNews/views/default/index.html: 1
[2013-08-30 06:00:22] EDIT LegoNews/views/default/index.html: 0
[2013-08-30 06:05:02] EDIT LegoNews/controllers/default.py: 4
[2013-08-30 06:05:49] EDIT LegoNews/views/default/index.html: 1
[2013-08-30 06:06:20] EDIT LegoNews/views/default/index.html: 0
[2013-08-30 06:06:46] EDIT LegoNews/controllers/default.py: 0
[2013-08-30 06:07:43] EDIT LegoNews/views/default/home.html: 1
[2013-08-30 06:08:25] EDIT LegoNews/views/default/home.html: 0
[2013-08-30 06:09:48] EDIT LegoNews/controllers/default.py: 7
[2013-08-30 19:28:58] EDIT LegoNews/controllers/default.py: 1
[2013-08-30 19:30:14] EDIT LegoNews/controllers/default.py: 1
[2013-08-30 19:32:15] EDIT LegoNews/controllers/default.py: 0
[2013-08-30 19:32:36] EDIT LegoNews/controllers/default.py: 1
[2013-08-30 19:33:48] EDIT LegoNews/controllers/default.py: 0
[2013-08-30 19:39:18] EDIT LegoNews/models/db.py: 0
[2013-08-30 19:39:30] EDIT LegoNews/controllers/default.py: 0
[2013-08-30 19:39:31] EDIT LegoNews/controllers/default.py: 0
[2013-08-30 19:40:39] EDIT LegoNews/models/db.py: 1
[2013-08-30 19:40:39] EDIT LegoNews/models/db.py: 0
[2013-08-30 19:43:02] EDIT LegoNews/models/db.py: 0
[2013-08-30 19:43:05] EDIT LegoNews/controllers/default.py: 0
[2013-08-30 21:00:58] EDIT LegoNews/views/default/index.html: 2
[2013-08-30 21:01:30] EDIT LegoNews/views/default/index.html: 1
[2013-08-30 21:02:12] EDIT LegoNews/views/default/index.html: 0
[2013-08-30 21:02:16] EDIT LegoNews/views/default/index.html: 0
[2013-08-30 21:02:56] EDIT LegoNews/views/default/index.html: 0
[2013-08-30 21:03:11] EDIT LegoNews/views/default/index.html: 0
[2013-08-30 21:03:56] EDIT LegoNews/views/default/index.html: 0
[2013-08-30 21:03:56] EDIT LegoNews/views/default/index.html: 0
[2013-08-30 21:04:14] EDIT LegoNews/views/default/index.html: -1
[2013-08-30 21:04:38] EDIT LegoNews/views/default/index.html: 1
[2013-08-30 21:04:45] EDIT LegoNews/views/default/index.html: 0
[2013-08-30 21:04:46] EDIT LegoNews/views/default/index.html: 0
[2013-08-30 21:20:04] EDIT LegoNews/models/db.py: 0
[2013-08-30 21:20:05] EDIT LegoNews/models/db.py: 0
[2013-08-30 21:20:06] EDIT LegoNews/models/db.py: 0
[2013-08-30 21:21:16] EDIT LegoNews/models/db.py: 0
[2013-08-30 21:22:43] EDIT LegoNews/controllers/default.py: 4
[2013-08-30 21:22:43] EDIT LegoNews/controllers/default.py: 0
[2013-09-01 19:18:55] EDIT LegoNews/controllers/default.py: 0
[2013-09-01 19:21:19] EDIT LegoNews/views/default/index.html: 0
[2013-09-01 19:21:19] EDIT LegoNews/views/default/index.html: 0
[2013-09-01 19:21:50] EDIT LegoNews/views/default/index.html: -1
[2013-09-01 19:21:54] EDIT LegoNews/views/default/index.html: 1
[2013-09-01 19:21:55] EDIT LegoNews/views/default/index.html: -1
[2013-09-01 19:21:55] EDIT LegoNews/views/default/index.html: 0
[2013-09-01 19:24:08] EDIT LegoNews/controllers/default.py: -1
[2013-09-01 19:26:19] EDIT LegoNews/controllers/default.py: 0
[2013-09-01 19:26:19] EDIT LegoNews/controllers/default.py: 0
[2013-09-01 19:27:17] EDIT LegoNews/controllers/default.py: 1
[2013-09-01 19:27:17] EDIT LegoNews/controllers/default.py: 0
[2013-09-01 19:27:21] EDIT LegoNews/controllers/default.py: 0
[2013-09-01 19:27:21] EDIT LegoNews/controllers/default.py: 0
[2013-09-01 19:28:32] EDIT LegoNews/views/default/index.html: 0
[2013-09-01 19:29:16] EDIT LegoNews/controllers/default.py: 0
[2013-09-01 19:29:16] EDIT LegoNews/controllers/default.py: 0
[2013-09-01 19:29:19] EDIT LegoNews/controllers/default.py: 0
[2013-09-01 19:29:19] EDIT LegoNews/controllers/default.py: 0
[2013-09-01 19:29:23] EDIT LegoNews/controllers/default.py: 0
[2013-09-01 19:29:23] EDIT LegoNews/controllers/default.py: 0
[2013-09-01 19:29:43] EDIT LegoNews/controllers/default.py: -1
[2013-09-01 19:30:22] CREATE default/editpost.html: 0
[2013-09-01 19:30:36] EDIT LegoNews/views/default/editpost.html: 0
[2013-09-01 19:31:02] EDIT LegoNews/views/default/editpost.html: 1
[2013-09-01 19:31:02] EDIT LegoNews/views/default/editpost.html: 0
[2013-09-01 19:31:32] EDIT LegoNews/controllers/default.py: 0
[2013-09-01 19:31:32] EDIT LegoNews/controllers/default.py: 0
[2013-09-01 19:31:33] EDIT LegoNews/controllers/default.py: 0
[2013-09-01 19:31:33] EDIT LegoNews/controllers/default.py: 0
[2013-09-01 19:33:08] EDIT LegoNews/controllers/default.py: 0
[2013-09-01 19:33:08] EDIT LegoNews/controllers/default.py: 0
[2013-09-01 19:33:10] EDIT LegoNews/controllers/default.py: 0
[2013-09-01 19:33:24] EDIT LegoNews/views/default/editpost.html: -1
[2013-09-01 19:33:24] EDIT LegoNews/views/default/editpost.html: 0
[2013-09-01 19:36:22] EDIT LegoNews/views/default/editpost.html: -1
[2013-09-01 19:36:40] EDIT LegoNews/controllers/default.py: 0
[2013-09-01 19:37:05] EDIT LegoNews/controllers/default.py: 1
[2013-09-01 19:39:19] EDIT LegoNews/views/default/editpost.html: 0
[2013-09-01 19:54:58] EDIT LegoNews/controllers/default.py: 0
[2013-09-01 19:54:58] EDIT LegoNews/controllers/default.py: 0
[2013-09-01 19:54:58] EDIT LegoNews/controllers/default.py: 0
[2013-09-01 19:59:43] EDIT LegoNews/controllers/default.py: 0
[2013-09-01 19:59:43] EDIT LegoNews/controllers/default.py: 0
[2013-09-01 20:00:22] EDIT LegoNews/controllers/default.py: 0
[2013-09-01 20:02:46] EDIT LegoNews/views/default/index.html: 0
[2013-09-01 20:02:51] EDIT LegoNews/views/default/index.html: 0
[2013-09-01 20:02:52] EDIT LegoNews/views/default/index.html: 0
[2013-09-01 20:03:09] EDIT LegoNews/views/default/index.html: -1
[2013-09-01 20:03:09] EDIT LegoNews/views/default/index.html: 0
[2013-09-01 20:03:19] EDIT LegoNews/views/default/index.html: -1
[2013-09-01 20:05:41] EDIT LegoNews/views/default/index.html: 1
[2013-09-01 20:05:41] EDIT LegoNews/views/default/index.html: 0
[2013-09-01 20:05:43] EDIT LegoNews/views/default/index.html: 0
[2013-09-01 20:05:43] EDIT LegoNews/views/default/index.html: 0
[2013-09-01 20:06:14] EDIT LegoNews/views/default/index.html: 0
[2013-09-01 20:06:15] EDIT LegoNews/views/default/index.html: 0
[2013-09-01 20:06:22] EDIT LegoNews/views/default/index.html: -1
[2013-09-01 20:06:37] EDIT LegoNews/views/default/index.html: 1
[2013-09-01 20:06:43] EDIT LegoNews/views/default/index.html: 0
[2013-09-01 20:06:43] EDIT LegoNews/views/default/index.html: 0
[2013-09-01 20:07:30] EDIT LegoNews/views/default/index.html: 1
[2013-09-01 20:07:31] EDIT LegoNews/views/default/index.html: 0
[2013-09-01 20:08:53] EDIT LegoNews/controllers/default.py: 2
[2013-09-01 20:08:53] EDIT LegoNews/controllers/default.py: 0
[2013-09-01 20:09:02] EDIT LegoNews/controllers/default.py: 2
[2013-09-01 20:09:02] EDIT LegoNews/controllers/default.py: 0
[2013-09-01 20:09:04] EDIT LegoNews/controllers/default.py: 0
[2013-09-01 20:09:12] EDIT LegoNews/controllers/default.py: 0
[2013-09-01 20:10:27] EDIT LegoNews/views/default/index.html: 4
[2013-09-01 20:10:27] EDIT LegoNews/views/default/index.html: 0
[2013-09-01 20:10:30] EDIT LegoNews/views/default/index.html: 0
[2013-09-01 20:10:33] EDIT LegoNews/views/default/index.html: 0
[2013-09-01 20:10:33] EDIT LegoNews/views/default/index.html: 0
[2013-09-01 20:18:17] EDIT LegoNews/views/default/index.html: 0
[2013-09-01 20:31:14] EDIT LegoNews/views/default/index.html: 0
[2013-09-01 20:31:14] EDIT LegoNews/views/default/index.html: 0
[2013-09-01 20:37:17] EDIT LegoNews/views/default/index.html: 0
[2013-09-01 20:37:17] EDIT LegoNews/views/default/index.html: 0
[2013-09-01 20:37:22] EDIT LegoNews/views/default/index.html: 0
[2013-09-01 20:37:24] EDIT LegoNews/views/default/index.html: 0
[2013-09-01 20:39:05] DELETE LegoNews/views/default/index.html.1: -29
[2013-09-01 20:40:06] EDIT LegoNews/views/default/home.html: 7
[2013-09-01 20:40:06] EDIT LegoNews/views/default/home.html: 0
[2013-09-01 20:40:52] EDIT LegoNews/views/default/home.html: 1
[2013-09-01 20:40:52] EDIT LegoNews/views/default/home.html: 0
[2013-09-01 20:41:08] EDIT LegoNews/views/default/home.html: 0
[2013-09-01 20:41:09] EDIT LegoNews/views/default/home.html: 0
[2013-09-01 20:41:16] EDIT LegoNews/views/default/home.html: -1
[2013-09-01 20:41:16] EDIT LegoNews/views/default/home.html: 0
[2013-09-01 20:41:22] EDIT LegoNews/views/default/home.html: 0
[2013-09-01 20:41:22] EDIT LegoNews/views/default/home.html: 0
[2013-09-01 20:41:28] EDIT LegoNews/views/default/home.html: 0
[2013-09-01 20:41:28] EDIT LegoNews/views/default/home.html: 0
[2013-09-01 20:41:29] EDIT LegoNews/views/default/home.html: 0
[2013-09-01 20:41:32] EDIT LegoNews/views/default/home.html: 0
[2013-09-01 20:41:32] EDIT LegoNews/views/default/home.html: 0
[2013-09-01 20:41:37] EDIT LegoNews/views/default/home.html: 0
[2013-09-01 20:41:37] EDIT LegoNews/views/default/home.html: 0
[2013-09-01 20:41:52] EDIT LegoNews/views/default/home.html: 0
[2013-09-01 20:41:52] EDIT LegoNews/views/default/home.html: 0
[2013-09-01 20:44:32] EDIT LegoNews/models/db.py: 1
[2013-09-01 20:44:32] EDIT LegoNews/models/db.py: 0
[2013-09-01 22:21:54] EDIT LegoNews/controllers/default.py: 0
[2013-09-01 22:21:54] EDIT LegoNews/controllers/default.py: 0
[2013-09-01 22:21:54] EDIT LegoNews/controllers/default.py: 0
[2013-09-01 22:21:55] EDIT LegoNews/controllers/default.py: 0
[2013-09-01 22:22:41] EDIT LegoNews/controllers/default.py: -1
[2013-09-01 22:22:41] EDIT LegoNews/controllers/default.py: 0
[2013-09-01 22:22:45] EDIT LegoNews/controllers/default.py: 0
[2013-09-01 22:22:46] EDIT LegoNews/controllers/default.py: 0
[2013-09-01 22:22:50] EDIT LegoNews/controllers/default.py: 0
[2013-09-01 22:22:50] EDIT LegoNews/controllers/default.py: 0
[2013-09-01 22:23:21] EDIT LegoNews/controllers/default.py: 0
[2013-09-01 22:23:22] EDIT LegoNews/controllers/default.py: 0
[2013-09-01 22:24:26] EDIT LegoNews/models/db.py: 0
[2013-09-01 22:24:26] EDIT LegoNews/models/db.py: 0
[2013-09-01 22:24:26] EDIT LegoNews/models/db.py: 0
[2013-09-01 22:24:27] EDIT LegoNews/models/db.py: 0
[2013-09-01 22:24:27] EDIT LegoNews/models/db.py: 0
[2013-09-01 22:24:47] EDIT LegoNews/models/db.py: -1
[2013-09-01 22:24:47] EDIT LegoNews/models/db.py: 0
[2013-09-01 22:27:32] EDIT LegoNews/controllers/default.py: 2
[2013-09-01 22:27:32] EDIT LegoNews/controllers/default.py: 0
[2013-09-01 22:27:49] EDIT LegoNews/controllers/default.py: 0
[2013-09-01 22:32:02] EDIT LegoNews/models/db.py: 0
[2013-09-01 22:32:03] EDIT LegoNews/models/db.py: 0
[2013-09-01 22:32:14] EDIT LegoNews/models/db.py: 0
[2013-09-01 22:32:18] EDIT LegoNews/models/db.py: 0
[2013-09-01 22:32:19] EDIT LegoNews/models/db.py: 0
[2013-09-01 22:32:19] EDIT LegoNews/models/db.py: 0
[2013-09-01 22:32:41] EDIT LegoNews/models/db.py: 0
[2013-09-01 22:32:41] EDIT LegoNews/models/db.py: 0
[2013-09-01 22:32:42] EDIT LegoNews/models/db.py: 0
[2013-09-01 22:32:42] EDIT LegoNews/models/db.py: 0
[2013-09-01 22:32:45] EDIT LegoNews/models/db.py: 0
[2013-09-01 22:32:45] EDIT LegoNews/models/db.py: 0
[2013-09-01 22:32:45] EDIT LegoNews/models/db.py: 0
[2013-09-01 22:32:46] EDIT LegoNews/models/db.py: 0
[2013-09-01 22:32:51] EDIT LegoNews/models/db.py: 0
[2013-09-01 22:32:51] EDIT LegoNews/models/db.py: 0
[2013-09-01 22:32:51] EDIT LegoNews/models/db.py: 0
[2013-09-01 22:32:56] EDIT LegoNews/models/db.py: 0
[2013-09-01 22:37:46] EDIT LegoNews/controllers/default.py: -7
[2013-09-01 22:37:52] EDIT LegoNews/controllers/default.py: 0
[2013-09-01 22:45:44] EDIT LegoNews/controllers/default.py: 8
[2013-09-01 22:45:44] EDIT LegoNews/controllers/default.py: 0
[2013-09-01 23:19:46] EDIT LegoNews/views/default/index.html: 0
[2013-09-01 23:19:47] EDIT LegoNews/views/default/index.html: 0
[2013-09-01 23:20:26] EDIT LegoNews/controllers/default.py: 0
[2013-09-01 23:20:31] EDIT LegoNews/controllers/default.py: 0
[2013-09-01 23:20:31] EDIT LegoNews/controllers/default.py: 0
[2013-09-01 23:20:37] EDIT LegoNews/controllers/default.py: 0
[2013-09-01 23:20:38] EDIT LegoNews/controllers/default.py: 0
[2013-09-01 23:22:27] EDIT LegoNews/models/db.py: 0
[2013-09-01 23:22:40] EDIT LegoNews/models/db.py: 0
[2013-09-01 23:22:40] EDIT LegoNews/models/db.py: 0
[2013-09-01 23:24:25] EDIT LegoNews/models/db.py: 2
[2013-09-01 23:27:59] EDIT LegoNews/models/db.py: 0
[2013-09-01 23:28:00] EDIT LegoNews/models/db.py: 0
[2013-09-01 23:29:16] EDIT LegoNews/models/db.py: 0
[2013-09-01 23:29:16] EDIT LegoNews/models/db.py: 0
[2013-09-01 23:29:16] EDIT LegoNews/models/db.py: 0
[2013-09-01 23:29:55] EDIT LegoNews/models/db.py: 0
[2013-09-01 23:29:56] EDIT LegoNews/models/db.py: 0
[2013-09-01 23:30:04] EDIT LegoNews/models/db.py: 0
[2013-09-01 23:30:05] EDIT LegoNews/models/db.py: 0
[2013-09-01 23:31:36] EDIT LegoNews/controllers/default.py: 0
[2013-09-01 23:31:37] EDIT LegoNews/controllers/default.py: 0
[2013-09-01 23:32:23] EDIT LegoNews/controllers/default.py: 0
[2013-09-01 23:32:23] EDIT LegoNews/controllers/default.py: 0
[2013-09-01 23:34:24] EDIT LegoNews/controllers/default.py: 0
[2013-09-01 23:34:24] EDIT LegoNews/controllers/default.py: 0
[2013-09-01 23:34:24] EDIT LegoNews/controllers/default.py: 0
[2013-09-01 23:34:24] EDIT LegoNews/controllers/default.py: 0
[2013-09-01 23:34:24] EDIT LegoNews/controllers/default.py: 0
[2013-09-01 23:35:19] EDIT LegoNews/controllers/default.py: 0
[2013-09-01 23:35:19] EDIT LegoNews/controllers/default.py: 0
[2013-09-01 23:36:43] EDIT LegoNews/controllers/default.py: 6
[2013-09-01 23:36:43] EDIT LegoNews/controllers/default.py: 0
[2013-09-01 23:37:32] EDIT LegoNews/controllers/default.py: 0
[2013-09-01 23:37:32] EDIT LegoNews/controllers/default.py: 0
[2013-09-01 23:53:19] EDIT LegoNews/models/menu.py: 0
[2013-09-01 23:53:23] EDIT LegoNews/models/menu.py: 0
[2013-09-01 23:53:49] EDIT LegoNews/models/menu.py: 0
[2013-09-01 23:54:01] EDIT LegoNews/models/menu.py: 0
[2013-09-01 23:54:34] EDIT LegoNews/models/menu.py: 0
[2013-09-01 23:55:13] EDIT LegoNews/models/menu.py: 2
[2013-09-01 23:55:32] EDIT LegoNews/models/menu.py: 0
[2013-09-01 23:55:32] EDIT LegoNews/models/menu.py: 0
[2013-09-01 23:55:49] EDIT LegoNews/models/menu.py: 0
[2013-09-01 23:57:54] EDIT LegoNews/models/menu.py: 1
[2013-09-01 23:57:58] EDIT LegoNews/models/menu.py: 0
[2013-09-01 23:58:10] EDIT LegoNews/models/menu.py: 0
[2013-09-01 23:58:10] EDIT LegoNews/models/menu.py: 0
[2013-09-01 23:58:27] EDIT LegoNews/models/menu.py: 0
[2013-09-01 23:58:27] EDIT LegoNews/models/menu.py: 0
[2013-09-01 23:58:37] EDIT LegoNews/models/menu.py: 0
[2013-09-01 23:59:10] EDIT LegoNews/models/menu.py: 0
[2013-09-01 23:59:39] EDIT LegoNews/models/db.py: 0
[2013-09-02 00:03:14] EDIT LegoNews/views/layout.html: 0
[2013-09-02 00:06:25] EDIT LegoNews/views/layout.html: 0
[2013-09-02 00:06:33] EDIT LegoNews/views/layout.html: 0
[2013-09-02 00:06:44] EDIT LegoNews/views/layout.html: 0
[2013-09-02 00:07:36] EDIT LegoNews/views/layout.html: 0
[2013-09-02 00:07:36] EDIT LegoNews/views/layout.html: 0
[2013-09-02 00:07:45] EDIT LegoNews/views/layout.html: 0
[2013-09-02 00:07:45] EDIT LegoNews/views/layout.html: 0
[2013-09-02 00:10:43] EDIT LegoNews/views/default/index.html: 1
[2013-09-02 00:11:01] EDIT LegoNews/views/default/index.html: -1
[2013-09-02 00:11:02] EDIT LegoNews/views/default/index.html: 0
[2013-09-02 00:11:31] EDIT LegoNews/views/default/index.html: 1
[2013-09-02 00:11:39] EDIT LegoNews/views/default/index.html: 0
[2013-09-02 00:12:56] EDIT LegoNews/views/default/index.html: 1
[2013-09-02 00:13:04] EDIT LegoNews/views/default/index.html: 0
[2013-09-02 00:13:05] EDIT LegoNews/views/default/index.html: 0
[2013-09-02 00:13:23] EDIT LegoNews/views/default/index.html: -1
[2013-09-02 00:13:32] EDIT LegoNews/views/default/index.html: 1
[2013-09-02 00:13:38] EDIT LegoNews/views/default/index.html: 1
[2013-09-02 00:13:51] EDIT LegoNews/views/default/index.html: 1
[2013-09-02 00:13:53] EDIT LegoNews/views/default/index.html: 0
[2013-09-02 00:14:06] EDIT LegoNews/views/default/index.html: -1
[2013-09-02 00:14:08] EDIT LegoNews/views/default/index.html: 1
[2013-09-02 00:14:15] EDIT LegoNews/views/default/index.html: 0
[2013-09-02 00:16:12] EDIT LegoNews/views/default/index.html: 0
[2013-09-02 00:16:18] EDIT LegoNews/views/default/index.html: 0
[2013-09-02 00:16:21] EDIT LegoNews/views/default/index.html: 0
[2013-09-02 00:16:54] EDIT LegoNews/views/default/index.html: 0
[2013-09-02 00:16:55] EDIT LegoNews/views/default/index.html: 0
[2013-09-02 00:16:55] EDIT LegoNews/views/default/index.html: 0
[2013-09-02 00:17:12] EDIT LegoNews/views/default/index.html: 0
[2013-09-02 00:17:47] EDIT LegoNews/views/default/index.html: 2
[2013-09-02 00:18:04] EDIT LegoNews/views/default/index.html: 0
[2013-09-02 00:18:14] EDIT LegoNews/views/default/index.html: -2
[2013-09-02 00:20:40] EDIT LegoNews/views/default/index.html: 0
[2013-09-02 00:20:41] EDIT LegoNews/views/default/index.html: 0
[2013-09-02 00:22:01] EDIT LegoNews/views/default/index.html: 0
[2013-09-02 00:22:07] EDIT LegoNews/views/default/index.html: 0
[2013-09-02 00:22:47] EDIT LegoNews/views/default/index.html: 0
[2013-09-02 00:22:55] EDIT LegoNews/views/default/index.html: 0
[2013-09-02 00:23:13] EDIT LegoNews/views/default/index.html: 0
[2013-09-02 00:23:16] EDIT LegoNews/views/default/index.html: 0
[2013-09-02 00:23:27] EDIT LegoNews/views/default/index.html: 0
[2013-09-02 00:23:50] EDIT LegoNews/views/default/index.html: 0
[2013-09-02 00:23:58] EDIT LegoNews/views/default/index.html: 0
[2013-09-02 00:23:58] EDIT LegoNews/views/default/index.html: 0
[2013-09-02 00:24:08] EDIT LegoNews/views/default/index.html: 0
[2013-09-02 00:24:10] EDIT LegoNews/views/default/index.html: 0
[2013-09-02 00:24:22] EDIT LegoNews/views/default/index.html: -1
[2013-09-02 00:24:30] EDIT LegoNews/views/default/index.html: 1
[2013-09-02 00:24:38] EDIT LegoNews/views/default/index.html: 0
[2013-09-02 00:26:04] EDIT LegoNews/views/default/index.html: 0
[2013-09-02 00:26:15] EDIT LegoNews/views/default/index.html: 1
[2013-09-02 00:26:48] EDIT LegoNews/views/default/index.html: -1
[2013-09-02 00:26:59] EDIT LegoNews/views/default/index.html: 0
[2013-09-02 00:27:18] EDIT LegoNews/views/default/index.html: 0
[2013-09-02 00:27:30] EDIT LegoNews/views/default/index.html: 0
[2013-09-02 00:27:40] EDIT LegoNews/views/default/index.html: 0
[2013-09-02 00:28:04] EDIT LegoNews/views/default/index.html: 0
[2013-09-02 00:28:56] EDIT LegoNews/views/default/home.html: 3
[2013-09-02 00:29:31] EDIT LegoNews/views/default/home.html: 1
[2013-09-02 00:30:01] EDIT LegoNews/views/default/home.html: 1
[2013-09-02 00:30:02] EDIT LegoNews/views/default/home.html: 0
[2013-09-02 00:30:30] EDIT LegoNews/views/default/home.html: -2
[2013-09-02 00:31:20] EDIT LegoNews/views/default/home.html: 1
[2013-09-02 00:31:35] EDIT LegoNews/views/default/index.html: 0
[2013-09-02 00:31:48] EDIT LegoNews/views/default/home.html: 0
[2013-09-02 00:32:03] EDIT LegoNews/views/default/home.html: 0
[2013-09-02 00:33:53] EDIT LegoNews/views/default/index.html: -1
[2013-09-02 00:33:55] EDIT LegoNews/views/default/index.html: 0
[2013-09-02 00:34:01] EDIT LegoNews/views/default/home.html: -1
[2013-09-02 00:34:14] EDIT LegoNews/views/default/home.html: 1
[2013-09-02 00:34:21] EDIT LegoNews/views/default/index.html: 1
[2013-09-02 00:34:36] EDIT LegoNews/views/default/index.html: 0
[2013-09-02 00:34:44] EDIT LegoNews/views/default/home.html: 0
[2013-09-02 00:34:44] EDIT LegoNews/views/default/home.html: 0
[2013-09-02 00:34:50] EDIT LegoNews/views/default/home.html: 0
[2013-09-02 00:35:08] EDIT LegoNews/views/default/home.html: 0
[2013-09-02 00:35:12] EDIT LegoNews/views/default/index.html: 0
[2013-09-02 00:37:50] EDIT LegoNews/views/default/home.html: 0
[2013-09-02 00:37:50] EDIT LegoNews/views/default/home.html: 0
[2013-09-02 00:39:10] EDIT LegoNews/models/menu.py: 0
[2013-09-02 00:40:33] EDIT LegoNews/views/default/home.html: 0
[2013-09-02 00:40:51] EDIT LegoNews/views/default/home.html: 0
[2013-09-02 00:41:13] EDIT LegoNews/views/default/home.html: 0
[2013-09-02 00:41:26] EDIT LegoNews/views/default/index.html: 0
[2013-09-02 00:43:12] EDIT LegoNews/views/default/index.html: 0
[2013-09-02 00:43:26] EDIT LegoNews/views/default/home.html: 0
[2013-09-02 00:43:43] EDIT LegoNews/views/default/home.html: 0
[2013-09-02 00:43:56] EDIT LegoNews/views/default/home.html: 0
[2013-09-02 00:44:08] EDIT LegoNews/views/default/index.html: 0
[2013-09-02 00:44:17] EDIT LegoNews/views/default/home.html: 0
[2013-09-02 00:44:30] EDIT LegoNews/views/default/index.html: 0
[2013-09-02 00:44:47] EDIT LegoNews/views/default/index.html: 0
[2013-09-02 00:44:50] EDIT LegoNews/views/default/home.html: 0
[2013-09-02 00:46:00] CREATE default/superhome.html: 0
[2013-09-02 00:46:03] EDIT LegoNews/views/default/superhome.html: 30
[2013-09-02 00:46:43] DELETE LegoNews/views/default/superhome.html: -33
[2013-09-02 00:47:25] EDIT LegoNews/controllers/default.py: 5
[2013-09-02 00:47:41] EDIT LegoNews/controllers/default.py: 6
[2013-09-02 00:47:41] EDIT LegoNews/controllers/default.py: 0
[2013-09-02 00:47:54] CREATE default/superhome.html: 0
[2013-09-02 00:48:03] EDIT LegoNews/views/default/superhome.html: 32
[2013-09-02 00:48:30] CREATE default/superindex.html: 0
[2013-09-02 00:48:41] EDIT LegoNews/views/default/superindex.html: 30
[2013-09-02 00:48:41] EDIT LegoNews/views/default/superindex.html: 0
[2013-09-02 00:49:46] EDIT LegoNews/views/default/superindex.html: 1
[2013-09-02 00:50:03] EDIT LegoNews/views/default/superindex.html: 0
[2013-09-02 00:50:09] EDIT LegoNews/views/default/superindex.html: 0
[2013-09-02 00:50:51] EDIT LegoNews/views/default/superindex.html: 0
[2013-09-02 00:51:49] EDIT LegoNews/views/default/superindex.html: -1
[2013-09-02 00:52:44] EDIT LegoNews/views/default/superhome.html: 0
[2013-09-02 00:53:23] EDIT LegoNews/views/default/superindex.html: 0
[2013-09-02 00:53:27] EDIT LegoNews/views/default/superindex.html: 0
[2013-09-02 00:53:27] EDIT LegoNews/views/default/superindex.html: 0
[2013-09-02 00:53:38] EDIT LegoNews/views/default/superindex.html: 0
[2013-09-02 00:53:50] EDIT LegoNews/views/default/superhome.html: 0
[2013-09-02 01:11:10] EDIT LegoNews/views/default/superindex.html: 0
[2013-09-02 01:11:25] EDIT LegoNews/views/default/superindex.html: 0
[2013-09-02 01:11:48] EDIT LegoNews/views/default/superindex.html: 0
[2013-09-02 01:12:27] EDIT LegoNews/views/default/superindex.html: 0
[2013-09-02 01:12:57] EDIT LegoNews/views/default/superindex.html: 1
[2013-09-02 01:13:31] EDIT LegoNews/views/default/superindex.html: 0
[2013-09-02 01:14:19] EDIT LegoNews/views/default/superindex.html: 0
[2013-09-02 01:14:37] EDIT LegoNews/views/default/superindex.html: 0
[2013-09-02 01:14:56] EDIT LegoNews/views/default/superindex.html: 0
[2013-09-02 01:16:14] EDIT LegoNews/views/default/superindex.html: 0
[2013-09-02 01:16:17] EDIT LegoNews/views/default/superindex.html: 1
[2013-09-02 01:21:17] EDIT LegoNews/views/default/superindex.html: 1
[2013-09-02 01:21:17] EDIT LegoNews/views/default/superindex.html: 0
[2013-09-02 01:27:22] EDIT LegoNews/views/default/superindex.html: -1
[2013-09-02 01:30:48] EDIT LegoNews/views/default/superhome.html: 2
[2013-09-02 01:31:08] EDIT LegoNews/views/default/index.html: 2
[2013-09-02 01:31:19] EDIT LegoNews/views/default/home.html: 2
[2013-09-02 01:33:30] EDIT LegoNews/controllers/default.py: 2
[2013-09-02 01:33:36] EDIT LegoNews/controllers/default.py: 0
[2013-09-02 01:33:37] EDIT LegoNews/controllers/default.py: 0
[2013-09-02 01:54:45] EDIT LegoNews/controllers/default.py: 0
[2013-09-02 01:55:27] EDIT LegoNews/controllers/default.py: 3
[2013-09-02 01:56:18] EDIT LegoNews/controllers/default.py: 2
[2013-09-02 01:56:19] EDIT LegoNews/controllers/default.py: 0
[2013-09-02 01:56:34] EDIT LegoNews/controllers/default.py: 2
[2013-09-02 01:56:43] EDIT LegoNews/controllers/default.py: 0
[2013-09-02 01:56:48] EDIT LegoNews/controllers/default.py: 0
[2013-09-02 02:02:35] EDIT LegoNews/views/default/superindex.html: 0
[2013-09-02 02:02:51] EDIT LegoNews/views/default/superhome.html: 0
[2013-09-02 02:02:56] EDIT LegoNews/views/default/superhome.html: 0
[2013-09-02 02:09:07] EDIT LegoNews/controllers/default.py: 4
[2013-09-02 02:09:22] EDIT LegoNews/controllers/default.py: 0
[2013-09-02 02:25:18] EDIT LegoNews/models/db.py: 2
[2013-09-02 02:25:24] EDIT LegoNews/models/db.py: 0
[2013-09-02 02:25:24] EDIT LegoNews/models/db.py: 0
[2013-09-02 02:25:58] EDIT LegoNews/models/db.py: 0
[2013-09-02 02:26:07] EDIT LegoNews/models/db.py: 0
[2013-09-02 02:26:48] EDIT LegoNews/models/db.py: 0
[2013-09-02 02:28:03] EDIT LegoNews/controllers/default.py: 0
[2013-09-02 02:30:43] EDIT LegoNews/controllers/default.py: 7
[2013-09-02 02:31:54] CREATE default/delusr.html: 0
[2013-09-02 02:32:19] EDIT LegoNews/controllers/default.py: 2
[2013-09-02 02:32:49] EDIT LegoNews/models/db.py: -2
[2013-09-02 02:32:50] EDIT LegoNews/models/db.py: 0
[2013-09-02 02:33:06] EDIT LegoNews/views/default/delusr.html: -1
[2013-09-02 02:33:16] EDIT LegoNews/views/default/delusr.html: 1
[2013-09-02 02:33:28] EDIT LegoNews/views/default/delusr.html: -1
[2013-09-02 02:34:03] EDIT LegoNews/controllers/default.py: 0
[2013-09-02 02:34:06] EDIT LegoNews/controllers/default.py: -1
[2013-09-02 02:34:14] EDIT LegoNews/views/default/delusr.html: 0
[2013-09-02 02:34:24] EDIT LegoNews/views/default/delusr.html: 1
[2013-09-02 02:34:28] EDIT LegoNews/controllers/default.py: 0
[2013-09-02 02:34:37] EDIT LegoNews/controllers/default.py: 1
[2013-09-02 02:34:51] EDIT LegoNews/views/default/delusr.html: -1
[2013-09-02 02:36:05] EDIT LegoNews/views/default/delusr.html: 2
[2013-09-02 02:37:52] EDIT LegoNews/views/default/delusr.html: 1
[2013-09-02 02:37:53] EDIT LegoNews/views/default/delusr.html: 0
[2013-09-02 02:38:02] EDIT LegoNews/views/default/delusr.html: 0
[2013-09-02 02:38:34] EDIT LegoNews/views/default/delusr.html: 1
[2013-09-02 02:39:21] EDIT LegoNews/views/default/delusr.html: 2
[2013-09-02 02:39:27] EDIT LegoNews/views/default/delusr.html: 1
[2013-09-02 02:39:35] EDIT LegoNews/views/default/delusr.html: -1
[2013-09-02 02:39:41] EDIT LegoNews/views/default/delusr.html: 0
[2013-09-02 02:39:58] EDIT LegoNews/views/default/delusr.html: 0
[2013-09-02 02:40:16] EDIT LegoNews/views/default/delusr.html: 1
[2013-09-02 02:40:29] EDIT LegoNews/views/default/delusr.html: -1
[2013-09-02 02:40:56] EDIT LegoNews/views/default/delusr.html: 0
[2013-09-02 02:43:02] EDIT LegoNews/controllers/default.py: 1
[2013-09-02 02:43:05] EDIT LegoNews/controllers/default.py: 0
[2013-09-02 02:46:38] EDIT LegoNews/controllers/default.py: 2
[2013-09-02 02:47:19] EDIT LegoNews/controllers/default.py: 1
[2013-09-02 02:47:19] EDIT LegoNews/controllers/default.py: 0
[2013-09-02 02:47:58] EDIT LegoNews/controllers/default.py: 0
[2013-09-02 02:48:22] EDIT LegoNews/views/default/superindex.html: 0
[2013-09-02 02:48:34] EDIT LegoNews/views/default/superhome.html: 0
[2013-09-02 02:50:55] EDIT LegoNews/controllers/default.py: 0
[2013-09-02 02:50:58] EDIT LegoNews/views/default/superhome.html: 0
[2013-09-02 02:54:04] EDIT LegoNews/views/default/delusr.html: 0
[2013-09-02 02:55:07] EDIT LegoNews/controllers/default.py: 0
[2013-09-02 02:55:26] EDIT LegoNews/controllers/default.py: 0
[2013-09-02 02:55:41] EDIT LegoNews/controllers/default.py: 0
[2013-09-02 02:55:41] EDIT LegoNews/controllers/default.py: 0
[2013-09-02 02:55:44] EDIT LegoNews/views/default/delusr.html: 0
[2013-09-02 02:57:55] EDIT LegoNews/controllers/default.py: 2
[2013-09-02 02:58:18] EDIT LegoNews/controllers/default.py: 0
[2013-09-02 03:01:55] EDIT LegoNews/models/db.py: 1
[2013-09-02 03:01:55] EDIT LegoNews/models/db.py: 0
[2013-09-02 03:01:59] EDIT LegoNews/models/db.py: 0
[2013-09-02 03:02:04] EDIT LegoNews/models/db.py: 0
[2013-09-02 03:03:23] EDIT LegoNews/models/db.py: 0
[2013-09-02 03:03:53] EDIT LegoNews/models/db.py: -1
[2013-09-02 12:37:53] EDIT LegoNews/controllers/default.py: 5
[2013-09-02 12:44:09] EDIT LegoNews/controllers/default.py: 7
[2013-09-02 12:44:13] EDIT LegoNews/controllers/default.py: 0
[2013-09-02 12:45:28] EDIT LegoNews/controllers/default.py: 0
[2013-09-02 12:45:29] EDIT LegoNews/controllers/default.py: 0
[2013-09-02 12:47:01] EDIT LegoNews/controllers/default.py: 6
[2013-09-02 12:47:07] EDIT LegoNews/controllers/default.py: 0
[2013-09-02 12:47:14] EDIT LegoNews/controllers/default.py: 0
[2013-09-02 12:48:15] EDIT LegoNews/controllers/default.py: 4
[2013-09-02 12:48:15] EDIT LegoNews/controllers/default.py: 0
[2013-09-02 12:48:20] EDIT LegoNews/controllers/default.py: 0
[2013-09-02 12:48:20] EDIT LegoNews/controllers/default.py: 0
[2013-09-02 12:48:22] EDIT LegoNews/controllers/default.py: 0
[2013-09-02 12:48:22] EDIT LegoNews/controllers/default.py: 0
[2013-09-02 12:48:52] EDIT LegoNews/controllers/default.py: 0
[2013-09-02 12:51:24] EDIT LegoNews/controllers/default.py: 1
[2013-09-02 12:51:27] EDIT LegoNews/controllers/default.py: 0
[2013-09-02 12:52:00] EDIT LegoNews/controllers/default.py: 1
[2013-09-02 12:52:45] EDIT LegoNews/controllers/default.py: 1
[2013-09-02 12:52:56] EDIT LegoNews/controllers/default.py: 0
[2013-09-02 12:53:16] EDIT LegoNews/controllers/default.py: 3
[2013-09-02 12:53:17] EDIT LegoNews/controllers/default.py: 0
[2013-09-02 12:53:26] EDIT LegoNews/controllers/default.py: 0
[2013-09-02 12:53:26] EDIT LegoNews/controllers/default.py: 0
[2013-09-02 12:53:26] EDIT LegoNews/controllers/default.py: 0
[2013-09-02 12:53:26] EDIT LegoNews/controllers/default.py: 0
[2013-09-02 12:53:26] EDIT LegoNews/controllers/default.py: 0
[2013-09-02 12:53:31] EDIT LegoNews/controllers/default.py: -4
[2013-09-02 12:53:43] EDIT LegoNews/controllers/default.py: 4
[2013-09-02 12:53:48] EDIT LegoNews/controllers/default.py: 0
[2013-09-02 12:53:52] EDIT LegoNews/controllers/default.py: 0
[2013-09-02 12:54:21] EDIT LegoNews/controllers/default.py: -3
[2013-09-02 12:54:24] EDIT LegoNews/controllers/default.py: -1
[2013-09-02 12:54:35] EDIT LegoNews/controllers/default.py: 2
[2013-09-02 12:54:59] EDIT LegoNews/controllers/default.py: 0
[2013-09-02 12:56:56] EDIT LegoNews/controllers/default.py: 0
[2013-09-02 12:56:56] EDIT LegoNews/controllers/default.py: 0
[2013-09-02 12:57:14] EDIT LegoNews/controllers/default.py: -1
[2013-09-02 12:57:14] EDIT LegoNews/controllers/default.py: 0
[2013-09-02 12:57:26] EDIT LegoNews/controllers/default.py: 0
[2013-09-02 12:59:26] EDIT LegoNews/controllers/default.py: 2
[2013-09-02 12:59:26] EDIT LegoNews/controllers/default.py: 0
[2013-09-02 12:59:30] EDIT LegoNews/controllers/default.py: 0
[2013-09-02 12:59:31] EDIT LegoNews/controllers/default.py: 0
[2013-09-02 13:00:08] EDIT LegoNews/controllers/default.py: 3
[2013-09-02 13:00:08] EDIT LegoNews/controllers/default.py: 0
[2013-09-02 13:00:09] EDIT LegoNews/controllers/default.py: 0
[2013-09-02 13:05:32] EDIT LegoNews/models/db.py: 0
[2013-09-02 13:11:26] EDIT LegoNews/controllers/default.py: -2
[2013-09-02 13:11:27] EDIT LegoNews/controllers/default.py: 0
[2013-09-02 13:11:34] EDIT LegoNews/controllers/default.py: 0
[2013-09-02 13:11:34] EDIT LegoNews/controllers/default.py: 0
[2013-09-02 13:11:35] EDIT LegoNews/controllers/default.py: 0
[2013-09-02 13:11:35] EDIT LegoNews/controllers/default.py: 0
[2013-09-02 13:11:36] EDIT LegoNews/controllers/default.py: 0
[2013-09-02 13:11:36] EDIT LegoNews/controllers/default.py: 0
[2013-09-02 13:11:36] EDIT LegoNews/controllers/default.py: 0
[2013-09-02 13:11:36] EDIT LegoNews/controllers/default.py: 0
[2013-09-02 13:11:36] EDIT LegoNews/controllers/default.py: 0
[2013-09-02 13:11:37] EDIT LegoNews/controllers/default.py: 0
[2013-09-02 13:11:37] EDIT LegoNews/controllers/default.py: 0
[2013-09-02 13:11:37] EDIT LegoNews/controllers/default.py: 0
[2013-09-02 13:11:37] EDIT LegoNews/controllers/default.py: 0
[2013-09-02 13:11:38] EDIT LegoNews/controllers/default.py: 0
[2013-09-02 13:11:39] EDIT LegoNews/controllers/default.py: 0
[2013-09-02 13:11:39] EDIT LegoNews/controllers/default.py: 0
[2013-09-02 13:11:40] EDIT LegoNews/controllers/default.py: 0
[2013-09-02 13:11:41] EDIT LegoNews/controllers/default.py: 0
[2013-09-02 13:11:42] EDIT LegoNews/controllers/default.py: 0
[2013-09-02 13:11:43] EDIT LegoNews/controllers/default.py: 0
[2013-09-02 13:11:44] EDIT LegoNews/controllers/default.py: 0
[2013-09-02 13:11:45] EDIT LegoNews/controllers/default.py: 0
[2013-09-02 13:11:46] EDIT LegoNews/controllers/default.py: 0
[2013-09-02 13:11:47] EDIT LegoNews/controllers/default.py: 0
[2013-09-02 13:11:48] EDIT LegoNews/controllers/default.py: 0
[2013-09-02 13:11:49] EDIT LegoNews/controllers/default.py: 0
[2013-09-02 13:11:50] EDIT LegoNews/controllers/default.py: 0
[2013-09-02 13:11:50] EDIT LegoNews/controllers/default.py: 0
[2013-09-02 13:11:52] EDIT LegoNews/controllers/default.py: 0
[2013-09-02 13:11:52] EDIT LegoNews/controllers/default.py: 0
[2013-09-02 13:11:53] EDIT LegoNews/controllers/default.py: 0
[2013-09-02 13:11:54] EDIT LegoNews/controllers/default.py: 0
[2013-09-02 13:11:55] EDIT LegoNews/controllers/default.py: 0
[2013-09-02 13:11:56] EDIT LegoNews/controllers/default.py: 0
[2013-09-02 13:11:57] EDIT LegoNews/controllers/default.py: 0
[2013-09-02 13:11:59] EDIT LegoNews/controllers/default.py: 0
[2013-09-02 13:11:59] EDIT LegoNews/controllers/default.py: 0
[2013-09-02 13:12:00] EDIT LegoNews/controllers/default.py: 0
[2013-09-02 13:12:02] EDIT LegoNews/controllers/default.py: 0
[2013-09-02 13:12:02] EDIT LegoNews/controllers/default.py: 0
[2013-09-02 13:12:04] EDIT LegoNews/controllers/default.py: 0
[2013-09-02 13:13:39] EDIT LegoNews/models/db.py: 1
[2013-09-02 13:13:39] EDIT LegoNews/models/db.py: 0
[2013-09-02 13:13:53] EDIT LegoNews/models/db.py: 0
[2013-09-02 13:13:54] EDIT LegoNews/models/db.py: 0
[2013-09-02 13:14:00] EDIT LegoNews/models/db.py: 0
[2013-09-02 13:14:43] EDIT LegoNews/models/db.py: 0
[2013-09-02 13:14:43] EDIT LegoNews/models/db.py: 0
[2013-09-02 13:14:54] EDIT LegoNews/models/db.py: 0
[2013-09-02 13:14:55] EDIT LegoNews/models/db.py: 0
[2013-09-02 13:16:35] EDIT LegoNews/models/db.py: 0
[2013-09-02 13:17:46] EDIT LegoNews/models/db.py: 0
[2013-09-02 13:25:41] EDIT LegoNews/views/default/index.html: 0
[2013-09-02 13:28:04] EDIT LegoNews/views/default/index.html: 4
[2013-09-02 13:28:04] EDIT LegoNews/views/default/index.html: 0
[2013-09-02 13:28:44] EDIT LegoNews/views/default/index.html: 1
[2013-09-02 13:28:44] EDIT LegoNews/views/default/index.html: 0
[2013-09-02 13:28:58] EDIT LegoNews/views/default/index.html: 0
[2013-09-02 13:28:58] EDIT LegoNews/views/default/index.html: 0
[2013-09-02 13:30:00] EDIT LegoNews/views/default/index.html: -1
[2013-09-02 13:31:02] EDIT LegoNews/views/default/index.html: 0
[2013-09-02 13:33:23] EDIT LegoNews/views/default/index.html: 1
[2013-09-02 13:33:24] EDIT LegoNews/views/default/index.html: 0
[2013-09-02 13:33:24] EDIT LegoNews/views/default/index.html: 0
[2013-09-02 13:34:04] EDIT LegoNews/views/default/index.html: -1
[2013-09-02 13:34:04] EDIT LegoNews/views/default/index.html: 0
[2013-09-02 13:34:08] EDIT LegoNews/views/default/index.html: 0
[2013-09-02 13:36:42] EDIT LegoNews/views/default/index.html: 1
[2013-09-02 13:36:42] EDIT LegoNews/views/default/index.html: 0
[2013-09-02 13:37:48] EDIT LegoNews/views/default/index.html: 0
[2013-09-02 13:38:14] EDIT LegoNews/views/default/index.html: -1
[2013-09-02 13:38:22] EDIT LegoNews/views/default/index.html: 0
[2013-09-02 13:38:25] EDIT LegoNews/views/default/index.html: 0
[2013-09-02 17:52:05] EDIT LegoNews/controllers/default.py: 0
[2013-09-02 18:23:51] EDIT LegoNews/views/default/home.html: 4
[2013-09-02 18:24:04] EDIT LegoNews/views/default/superhome.html: 4
[2013-09-02 18:24:04] EDIT LegoNews/views/default/superhome.html: 0
[2013-09-02 18:24:17] EDIT LegoNews/views/default/superindex.html: 4
[2013-09-02 18:24:17] EDIT LegoNews/views/default/superindex.html: 0
[2013-09-02 18:35:18] EDIT LegoNews/controllers/default.py: 1
[2013-09-02 18:35:21] EDIT LegoNews/controllers/default.py: 0
[2013-09-02 18:39:01] EDIT LegoNews/controllers/default.py: 0
[2013-09-02 18:39:18] EDIT LegoNews/controllers/default.py: 2
[2013-09-02 18:39:18] EDIT LegoNews/controllers/default.py: 0
[2013-09-02 18:40:39] EDIT LegoNews/controllers/default.py: 1
[2013-09-02 18:41:32] EDIT LegoNews/controllers/default.py: 0
[2013-09-02 18:41:44] EDIT LegoNews/controllers/default.py: 0
[2013-09-02 18:42:33] EDIT LegoNews/controllers/default.py: 0
[2013-09-02 18:42:57] EDIT LegoNews/controllers/default.py: -2
[2013-09-02 18:44:14] EDIT LegoNews/controllers/default.py: 0
[2013-09-02 18:44:16] EDIT LegoNews/controllers/default.py: 0
[2013-09-02 18:44:52] EDIT LegoNews/controllers/default.py: 1
[2013-09-02 18:45:08] EDIT LegoNews/controllers/default.py: 0
[2013-09-02 18:45:16] EDIT LegoNews/controllers/default.py: 0
[2013-09-02 18:58:56] EDIT LegoNews/views/layout.html: 9
[2013-09-02 19:00:34] EDIT LegoNews/views/layout.html: 0
[2013-09-02 19:01:40] EDIT LegoNews/views/layout.html: 0
[2013-09-02 19:02:00] EDIT LegoNews/views/layout.html: 0
[2013-09-02 19:03:05] EDIT LegoNews/views/layout.html: 0
[2013-09-02 19:03:19] EDIT LegoNews/views/layout.html: 0
[2013-09-02 19:03:30] EDIT LegoNews/views/layout.html: 0
[2013-09-02 19:03:41] EDIT LegoNews/views/layout.html: 0
[2013-09-02 19:04:25] EDIT LegoNews/views/layout.html: 0
[2013-09-02 19:04:30] EDIT LegoNews/views/layout.html: 0
[2013-09-02 19:04:53] EDIT LegoNews/views/layout.html: 0
[2013-09-02 19:05:33] EDIT LegoNews/views/layout.html: 0
[2013-09-02 19:05:36] EDIT LegoNews/views/layout.html: 0
[2013-09-02 19:06:05] EDIT LegoNews/views/layout.html: 0
[2013-09-02 19:06:08] EDIT LegoNews/views/layout.html: 0
[2013-09-02 19:06:28] EDIT LegoNews/views/layout.html: 0
[2013-09-02 19:06:43] EDIT LegoNews/views/layout.html: 0
[2013-09-02 19:07:04] EDIT LegoNews/views/layout.html: 0
[2013-09-02 19:07:18] EDIT LegoNews/views/layout.html: 0
[2013-09-02 19:07:28] EDIT LegoNews/views/layout.html: 0
[2013-09-02 19:07:51] EDIT LegoNews/views/layout.html: 0
[2013-09-02 19:08:04] EDIT LegoNews/views/layout.html: 0
[2013-09-02 19:08:47] EDIT LegoNews/views/layout.html: 0
[2013-09-02 19:09:05] EDIT LegoNews/views/layout.html: -2
[2013-09-02 19:09:05] EDIT LegoNews/views/layout.html: 0
[2013-09-02 19:09:14] EDIT LegoNews/views/layout.html: -7
[2013-09-02 19:09:37] EDIT LegoNews/views/layout.html: 8
[2013-09-02 19:10:09] EDIT LegoNews/views/layout.html: 0
[2013-09-02 19:10:27] EDIT LegoNews/views/layout.html: -1
[2013-09-02 19:11:57] EDIT LegoNews/models/menu.py: 0
[2013-09-02 19:12:05] EDIT LegoNews/models/menu.py: 0
[2013-09-02 19:12:13] EDIT LegoNews/models/menu.py: 0
[2013-09-02 19:12:18] EDIT LegoNews/models/menu.py: 0
[2013-09-02 19:12:26] EDIT LegoNews/models/menu.py: 0
[2013-09-02 19:13:48] EDIT LegoNews/views/layout.html: 0
[2013-09-02 19:13:56] EDIT LegoNews/views/layout.html: 0
[2013-09-02 19:14:14] EDIT LegoNews/views/layout.html: 1
[2013-09-02 19:14:52] EDIT LegoNews/views/layout.html: 0
[2013-09-02 19:15:39] EDIT LegoNews/views/layout.html: 0
[2013-09-02 19:15:57] EDIT LegoNews/views/layout.html: -1
[2013-09-02 19:16:12] EDIT LegoNews/views/layout.html: 0
[2013-09-02 19:16:38] EDIT LegoNews/views/layout.html: 0
[2013-09-02 19:16:41] EDIT LegoNews/views/layout.html: 0
[2013-09-02 19:17:03] EDIT LegoNews/views/layout.html: 1
[2013-09-02 19:17:14] EDIT LegoNews/views/layout.html: 0
[2013-09-02 19:17:28] EDIT LegoNews/views/layout.html: -1
[2013-09-02 19:17:52] EDIT LegoNews/views/layout.html: 0
[2013-09-02 19:18:15] EDIT LegoNews/views/layout.html: 0
[2013-09-02 19:18:40] EDIT LegoNews/views/layout.html: 0
[2013-09-02 19:18:57] EDIT LegoNews/views/layout.html: 0
[2013-09-02 19:24:39] EDIT LegoNews/views/layout.html: 0
[2013-09-02 19:24:44] EDIT LegoNews/views/layout.html: 0
[2013-09-02 19:24:51] EDIT LegoNews/views/layout.html: 0
[2013-09-02 19:24:51] EDIT LegoNews/views/layout.html: 0
